<?xml version="1.0" encoding="UTF-8"?>
<!-- Generated by org.testng.reporters.JUnitReportReporter -->
<testsuite hostname="LAPTOP-39TQ8419" failures="0" tests="1" name="com.Test.TestClass" time="56.552" errors="0" timestamp="2023-08-26T08:32:10 IST" skipped="0">
  <testcase classname="com.Test.TestClass" name="TestScenario2_1" time="56.552"/>
  <system-out/>
</testsuite> <!-- com.Test.TestClass -->
